lcamtuf@coredump.c
frantzen@w4g.o
lcamtuf@coredump.c
frantzen@openbsd.o
bugs@openbsd.o
slavazanko@gmail.c
quentin.monnet@netronome.c
j@w1.f
thalman@redhat.c
jskarvad@redhat.c
user@my.server.c
jtang@tresys.c
staff@americas.example.c
dhowells@redhat.c
64@openssh.c
users@lists.sourceforge.n
keygen@dsa.s
keygen@rsa.s
janl@ifi.uio.n
triad@df.lth.s
newt@uchicago.e
keith@cerberus.uchicago.e
quinlan@yggdrasil.c
anna@inext.co.u
triad@df.lth.s
jef@helios.ee.lbl.g
janl@ifi.uio.n
newt@uchicago.e
quinlan@yggdrasil.c
clamen@cs.cmu.e
conklin@talisman.kaleida.c
quinlan@yggdrasil.c
tobias@server.e
vax@ccwf.cc.utexas.e
triad@df.lth.s
A.Ballardie@cs.ucl.ac.u
admin@example.c
