process change
  11720 root      20   0  229352   9784   2916 R  38.9   0.5   0:00.09 mem.bash
  11721 root      20   0  229616  10112   2988 R  38.9   0.5   0:00.09 mem2.bash
  11720 root      20   0  276872  57352   2916 R  50.0   3.1   0:00.75 mem.bash
  11721 root      20   0  277928  58628   2988 R  37.5   3.1   0:00.74 mem2.bash
mem2.bash
   9990 root      20   0  660068 437796      0 R   0.0  23.4   0:00.00 mem2.bash
   9596 root      20   0  753260 533696   2848 R  42.2  28.5   0:07.21 mem2.bash
   9595 root      20   0  749960 530556   2880 R  41.5  28.4   0:07.23 mem.bash
   9595 root      20   0  838268 618716   2880 R  40.9  33.1   0:08.46 mem.bash
   9596 root      20   0  839720 620316   2848 S  40.2  33.2   0:08.42 mem2.bash
  10153 root      20   0  839720 619096   1600 R   0.0  33.1   0:00.00 mem2.bash
  10154 root      20   0       0      0      0 Z   0.0   0.0   0:00.00 mem2.bash
   9596 root      20   0  931592 712076   2848 R  42.2  38.1   0:09.69 mem2.bash
   9595 root      20   0  925652 706320   2880 S  40.2  37.8   0:09.67 mem.bash
  10222 root      20   0  925652 704976   1536 S   0.0  37.7   0:00.00 mem.bash
  10223 root      20   0  925652 703440      0 R   0.0  37.6   0:00.00 mem.bash
  10224 root      20   0  925652 703440      0 R   0.0  37.6   0:00.00 mem.bash
   9595 root      20   0 1013300 793832   2880 R  40.2  42.4   0:10.88 mem.bash
   9596 root      20   0 1018976 799484   2848 R  40.2  42.7   0:10.90 mem2.bash
  10313 root      20   0  303800  84444   2848 R  36.2   4.5   0:01.09 mem.bash
  10314 root      20   0  303800  84276   2920 R  36.2   4.5   0:01.09 mem2.bash
  10313 root      20   0  406100 186576   2848 R  45.7  10.0   0:02.47 mem.bash
  10314 root      20   0  403724 184348   2920 R  44.7   9.9   0:02.44 mem2.bash
  10314 root      20   0  502196 282716   2920 R  45.0  15.1   0:03.79 mem2.bash
  10313 root      20   0  503780 284368   2848 S  44.0  15.2   0:03.79 mem.bash
  10562 root      20   0  503780 281532      0 R   0.0  15.0   0:00.00 mem.bash
  10314 root      20   0  597500 377920   2920 R  43.4  20.2   0:05.10 mem2.bash
  10313 root      20   0  597500 377940   2848 S  42.4  20.2   0:05.07 mem.bash
  10651 root      20   0  597500 376888   1600 S   0.0  20.1   0:00.00 mem.bash
  10313 root      20   0  691220 471768   2848 S  42.5  25.2   0:06.35 mem.bash
  10314 root      20   0  691220 471796   2920 R  42.5  25.2   0:06.38 mem2.bash
  10735 root      20   0  691220 470648   1600 S   0.0  25.2   0:00.00 mem.bash
  10736 root      20   0  691220 469048      0 R   0.0  25.1   0:00.00 mem.bash
  10737 root      20   0  691220 469048      0 R   0.0  25.1   0:00.00 mem.bash
  10313 root      20   0  782828 563212   2848 R  41.9  30.1   0:07.61 mem.bash
  10314 root      20   0  781904 562496   2920 R  41.5  30.1   0:07.63 mem2.bash
  10314 root      20   0  868232 648852   2920 R  40.9  34.7   0:08.86 mem2.bash
  10313 root      20   0  867572 648204   2848 R  40.2  34.6   0:08.82 mem.bash
  10313 root      20   0  953108 733460   2848 R  40.2  39.2   0:10.03 mem.bash
  10314 root      20   0  952976 733624   2920 R  40.2  39.2   0:10.07 mem2.bash
  10313 root      20   0 1039700 820296   2848 R  40.2  43.8   0:11.24 mem.bash
  10314 root      20   0 1038908 819448   2920 R  39.9  43.8   0:11.27 mem2.bash
  11114 root      20   0  308420  89020   2896 S  38.9   4.8   0:01.17 mem.bash
  11154 root      20   0  308420  87800   1600 S   0.0   4.7   0:00.00 mem.bash
  11155 root      20   0  308420  86200      0 R   0.0   4.6   0:00.00 mem.bash
  11156 root      20   0  308420  86200      0 R   0.0   4.6   0:00.00 mem.bash
  11114 root      20   0  504572 285212   2896 R  89.4  15.2   0:03.86 mem.bash
  11114 root      20   0  691220 471788   2896 R  86.4  25.2   0:06.46 mem.bash
  11114 root      20   0  871004 651484   2896 S  82.4  34.8   0:08.94 mem.bash
  11413 root      20   0  871004 650344   1600 S   0.0  34.8   0:00.00 mem.bash
  11414 root      20   0  871004 648744      0 R   0.0  34.7   0:00.00 mem.bash
  11114 root      20   0 1042340 822872   2896 R  80.7  44.0   0:11.37 mem.bash
  11114 root      20   0 1205096 985696   2896 R  77.4  52.7   0:13.70 mem.bash
  11114 root      20   0 1364816   1.1g   2896 R  74.4  61.2   0:15.94 mem.bash
  11721 root      20   0  313172  93756   2988 R  40.5   5.0   0:01.22 mem2.bash
  11720 root      20   0  310004  90480   2916 R  39.9   4.8   0:01.2  11720 root      20   0  322412 103012   2916 R  42.1   5.5   0:01.38 mem.bash
  11721 root      20   0  324128 104708   2988 S  26.3   5.6   0:01.37 mem2.bash
  11814 root      20   0  324128 101828      0 R   0.0   5.4   0:00.00 mem2.bash
  11720 root      20   0  367688 148360   2916 R  50.0   7.9   0:02.02 mem.bash
  11721 root      20   0  370856 151400   2988 R  43.8   8.1   0:02.01 mem2.bash
  11720 root      20   0  414548 195032   2916 R  43.8  10.4   0:02.66 mem.bash
  11721 root      20   0  417452 198096   2988 R  43.8  10.6   0:02.64 mem2.bash
  11721 root      20   0  464708 245316   2988 S  50.0  13.1   0:03.30 mem2.bash
  11720 root      20   0  459164 239852   2916 R  33.3  12.8   0:03.27 mem.bash
  11940 root      20   0  464708 242464      0 R   0.0  13.0   0:00.00 mem2.bash
  11720 root      20   0  504572 284956   2916 R  41.2  15.2   0:03.90 mem.bash
  11721 root      20   0  511568 292292   2988 S  41.2  15.6   0:03.93 mem2.bash
  11982 root      20   0  511568 289340      0 R   0.0  15.5   0:00.00 mem2.bash
  11720 root      20   0  547472 328080   2916 R  41.2  17.5   0:04.52 mem.bash
  11721 root      20   0  555392 335828   2988 R  35.3  18.0   0:04.55 mem2.bash
  11720 root      20   0  592088 372640   2916 R  44.4  19.9   0:05.15 mem.bash
  11721 root      20   0  600008 380672   2988 R  27.8  20.3   0:05.16 mem2.bash
  11721 root      20   0  644360 425132   2988 R  41.2  22.7   0:05.78 mem2.bash
  11720 root      20   0  636572 417076   2916 S  35.3  22.3   0:05.76 mem.bash
  12099 root      20   0       0      0      0 Z   0.0   0.0   0:00.00 mem2.bash
  12100 root      20   0  636572 415760   1408 S   0.0  22.2   0:00.00 mem.bash
  12103 root      20   0  636572 414352      0 R   0.0  22.1   0:00.00 mem.bash
  12104 root      20   0  636572 414352      0 R   0.0  22.1   0:00.00 mem.bash
  11720 root      20   0  677228 457680   2916 R  33.3  24.5   0:06.38 mem.bash
  11721 root      20   0  685016 465760   2988 R  27.8  24.9   0:06.37 mem2.bash
  11720 root      20   0  717356 497888   2916 R  33.3  26.6   0:06.99 mem.bash
  11721 root      20   0  722504 503220   2988 R  33.3  26.9   0:06.96 mem2.bash
  12174 root      20   0       0      0      0 Z   0.0   0.0   0:00.00 mem2.bash
  11720 root      20   0  753788 534284   2916 S  43.8  28.6   0:07.58 mem.bash
  11721 root      20   0  761576 542136   2988 S  43.8  29.0   0:07.57 mem2.bash
  12207 root      20   0  753788 532956   1408 S   0.0  28.5   0:00.00 mem.bash
  12208 root      20   0  761576 540768   1408 S   0.0  28.9   0:00.00 mem2.bash
  12209 root      20   0  753788 531548      0 R   0.0  28.4   0:00.00 mem.bash
  12210 root      20   0  753788 531548      0 R   0.0  28.4   0:00.00 mem.bash
  12211 root      20   0  761576 539360      0 R   0.0  28.8   0:00.00 mem2.bash
  12212 root      20   0  761576 539360      0 R   0.0  28.8   0:00.00 mem2.bash
  11720 root      20   0  792860 573444   2916 S  43.8  30.7   0:08.17 mem.bash
  11721 root      20   0  800648 581312   2988 S  31.2  31.1   0:08.14 mem2.bash
  12243 root      20   0  800648 579832   1408 R   0.0  31.0   0:00.00 mem2.bash
  12244 root      20   0       0      0      0 Z   0.0   0.0   0:00.00 mem2.bash
  12246 root      20   0  792860 570612      0 R   0.0  30.5   0:00.00 mem.bash
  11720 root      20   0  831932 612596   2916 S  43.8  32.7   0:08.75 mem.bash
  11721 root      20   0  839720 620480   2988 S  43.8  33.2   0:08.72 mem2.bash
  12280 root      20   0  839720 618900   1408 S   0.0  33.1   0:00.00 mem2.bash
  12281 root      20   0  839720 617492      0 R   0.0  33.0   0:00.00 mem2.bash
  12282 root      20   0  839720 617492      0 R   0.0  33.0   0:00.00 mem2.bash
  12283 root      20   0  831932 609680      0 R   0.0  32.6   0:00.00 mem.bash
  11720 root      20   0  871004 651492   2916 S  47.1  34.8   0:09.33 mem.bash
  11721 root      20   0  878792 659404   2988 S  41.2  35.2   0:09.31 mem2.bash
  12316 root      20   0  878792 656556      0 R   0.0  35.1   0:00.00 mem2.bash
  12317 root      20   0  871004 648744      0 R   0.0  34.7   0:00.00 mem.bash
  11721 root      20   0  917732 698312   2988 R  44.4  37.3   0:09.87 mem2.bash
  11720 root      20   0  909416 689852   2916 R  38.9  36.9   0:09.90 mem.bash
  11721 root      20   0  955880 736436   2988 R  43.8  39.4   0:10.43 mem2.bash
  11720 root      20   0  945188 725848   2916 R  31.2  38.8   0:10.44 mem.bash
  11721 root      20   0  994424 775076   2988 R  41.2  41.4   0:11.01 mem2.bash
  11720 root      20   0  982280 762880   2916 R  29.4  40.8   0:11.00 mem.bash
  11720 root      20   0 1019372 800072   2916 S  58.8  42.8   0:11.60 mem.bash
  11721 root      20   0 1027292 807796   2988 S   5.9  43.2   0:11.50 mem2.bash
  12454 root      20   0 1027292 806412   1408 S   0.0  43.1   0:00.00 mem2.bash
  12457 root      20   0 1019372 798600   1408 S   0.0  42.7   0:00.00 mem.bash
  12458 root      20   0 1019372 797192      0 R   0.0  42.6   0:00.00 mem.bash
  12459 root      20   0 1019372 797192      0 R   0.0  42.6   0:00.00 mem.bash
