size:
100000
200000
300000
400000
500000
600000
700000
800000
900000
1000000
1100000
1200000
1300000
1400000
1500000
1600000
1700000
1800000
1900000
2000000
2100000
2200000
2300000
2400000
2500000
2600000
2700000
2800000
2900000
3000000
3100000
3200000
3300000
3400000
3500000
3600000
3700000
3800000
3900000
4000000
4100000
4200000
4300000
4400000
4500000
4600000
4700000
4800000
4900000
5000000
5100000
5200000
5300000
5400000
5500000
5600000
5700000
5800000
5900000
6000000
6100000
6200000
6300000
6400000
6500000
6600000
6700000
6800000
6900000
7000000
7100000
7200000
7300000
7400000
7500000
7600000
7700000
7800000
7900000
8000000
8100000
8200000
8300000
8400000
8500000
8600000
8700000
8800000
8900000
9000000
9100000
9200000
9300000
9400000
9500000
9600000
9700000
9800000
9900000
10000000
10100000
10200000
10300000
10400000
10500000
10600000
10700000
10800000
10900000
11000000
11100000
11200000
11300000
11400000
11500000
11600000
11700000
11800000
11900000
12000000
12100000
12200000
12300000
12400000
12500000
12600000
12700000
12800000
12900000
13000000
13100000
13200000
13300000
13400000
13500000
13600000
13700000
13800000
13900000
14000000
14100000
14200000
14300000
14400000
14500000
14600000
14700000
14800000
14900000
15000000
15100000
15200000
15300000
15400000
15500000
15600000
15700000
15800000
15900000
16000000
16100000
16200000
16300000
16400000
16500000
16600000
16700000
16800000
16900000
17000000
17100000
17200000
17300000
17400000
17500000
17600000
17700000
17800000
17900000
18000000
18100000
18200000
18300000
18400000
18500000
18600000
18700000
18800000
18900000
19000000
19100000
19200000
19300000
19400000
19500000
19600000
19700000
19800000
19900000
20000000
20100000
20200000
20300000
20400000
20500000
20600000
20700000
20800000
20900000
21000000
21100000
21200000
21300000
21400000
21500000
21600000
21700000
21800000
21900000
22000000
22100000
22200000
22300000
22400000
22500000
22600000
22700000
22800000
22900000
23000000
23100000
23200000
23300000
23400000
23500000
23600000
23700000
23800000
23900000
24000000
24100000
24200000
24300000
24400000
24500000
24600000
24700000
24800000
24900000
25000000
25100000
25200000
25300000
25400000
25500000
25600000
25700000
25800000
25900000
26000000
26100000
26200000
26300000
26400000
26500000
26600000
26700000
26800000
26900000
27000000
27100000
27200000
27300000
27400000
27500000
27600000
27700000
27800000
27900000
28000000
28100000
28200000
28300000
28400000
28500000
28600000
28700000
28800000
28900000
29000000
29100000
29200000
29300000
29400000
29500000
29600000
29700000
29800000
29900000
30000000
30100000
30200000
30300000
30400000
30500000
30600000
30700000
30800000
30900000
31000000
[  225.311058] mem.bash invoked oom-killer: gfp_mask=0x6280ca(GFP_HIGHUSER_MOVABLE|__GFP_ZERO), nodemask=(null), order=0, oom_score_adj=0
[  225.311239] mem.bash cpuset=/ mems_allowed=0
[  225.311339] CPU: 0 PID: 2685 Comm: mem.bash Kdump: loaded Tainted: G                 ---------r-  - 4.18.0-193.28.1.el8_2.x86_64 #1
[  225.338546] [ 2685]     0  2685   661667   420096  4939776   186140             0 mem.bash
[  225.339506] Out of memory: Killed process 2685 (mem.bash) total-vm:2646668kB, anon-rss:1679852kB, file-rss:532kB, shmem-rss:0kB, UID:0
[  308.527569] [ 2820]     0  2820   661139   419318  4931584   186252             0 mem.bash
[  308.529062] Out of memory: Killed process 2820 (mem.bash) total-vm:2644556kB, anon-rss:1677272kB, file-rss:0kB, shmem-rss:0kB, UID:0
[  308.600475] oom_reaper: reaped process 2820 (mem.bash), now anon-rss:0kB, file-rss:0kB, shmem-rss:0kB
[ 1393.501126] [ 3000]     0  3000   659060   417291  4907008   186185             0 mem.bash
[ 1393.502319] Out of memory: Killed process 3000 (mem.bash) total-vm:2636240kB, anon-rss:1669164kB, file-rss:0kB, shmem-rss:0kB, UID:0
[ 1393.563854] oom_reaper: reaped process 3000 (mem.bash), now anon-rss:0kB, file-rss:0kB, shmem-rss:0kB
[ 1608.191240] [ 3149]     0  3149   649886   407783  4837376   186503             0 mem.bash
[ 1608.192416] Out of memory: Killed process 3149 (mem.bash) total-vm:2599544kB, anon-rss:1631120kB, file-rss:12kB, shmem-rss:0kB, UID:0
[ 1608.254644] oom_reaper: reaped process 3149 (mem.bash), now anon-rss:0kB, file-rss:0kB, shmem-rss:0kB
[ 1949.046176] [ 3321]     0  3321   661139   419092  4931584   186478             0 mem.bash
[ 1949.048153] Out of memory: Killed process 3321 (mem.bash) total-vm:2644556kB, anon-rss:1676368kB, file-rss:0kB, shmem-rss:0kB, UID:0
[ 1949.120895] oom_reaper: reaped process 3321 (mem.bash), now anon-rss:0kB, file-rss:0kB, shmem-rss:0kB
[ 2411.888796] [ 3473]     0  3473   358364   209594  2502656    93209             0 mem.bash
[ 2411.889025] [ 3474]     0  3474   360344   211669  2523136    93050             0 mem2.bash
[ 2411.889966] Out of memory: Killed process 3474 (mem2.bash) total-vm:1441376kB, anon-rss:846676kB, file-rss:0kB, shmem-rss:0kB, UID:0
[ 2411.943237] oom_reaper: reaped process 3474 (mem2.bash), now anon-rss:0kB, file-rss:0kB, shmem-rss:0kB
[ 2433.017277] [ 3473]     0  3473   661370   419369  4931584   186429             0 mem.bash
[ 2433.018307] Out of memory: Killed process 3473 (mem.bash) total-vm:2645480kB, anon-rss:1677476kB, file-rss:0kB, shmem-rss:0kB, UID:0
[ 2433.086877] oom_reaper: reaped process 3473 (mem.bash), now anon-rss:0kB, file-rss:0kB, shmem-rss:0kB
